<?xml version="1.0" encoding="UTF-8"?>
<!-- Generated by org.testng.reporters.JUnitReportReporter -->
<testsuite hostname="DESKTOP-1FFP63U" failures="0" tests="2" name="page.tests.TestAccChange" time="14.273" errors="1" timestamp="2019-12-26T18:51:24 CET" skipped="1">
  <testcase classname="page.tests.TestAccChange" name="beforeClass" time="14.273">
    <error message="session not created
from disconnected: received Inspector.detached event
  (Session info: chrome=79.0.3945.88)
Build info: version: &#039;3.141.59&#039;, revision: &#039;e82be7d358&#039;, time: &#039;2018-11-14T08:25:48&#039;
System info: host: &#039;DESKTOP-1FFP63U&#039;, ip: &#039;10.0.0.155&#039;, os.name: &#039;Windows 10&#039;, os.arch: &#039;amd64&#039;, os.version: &#039;10.0&#039;, java.version: &#039;13.0.1&#039;
Driver info: driver.version: ChromeDriver
remote stacktrace: Backtrace:
	Ordinal0 [0x0043A923+1550627]
	Ordinal0 [0x003BA731+1025841]
	Ordinal0 [0x0033C715+509717]
	Ordinal0 [0x00335259+479833]
	Ordinal0 [0x00334E2A+478762]
	Ordinal0 [0x003348A8+477352]
	Ordinal0 [0x0033401A+475162]
	Ordinal0 [0x00334135+475445]
	Ordinal0 [0x00333BE5+474085]
	Ordinal0 [0x0033B475+504949]
	Ordinal0 [0x00333B98+474008]
	Ordinal0 [0x0033454B+476491]
	Ordinal0 [0x0033401A+475162]
	Ordinal0 [0x00334135+475445]
	Ordinal0 [0x00333BE5+474085]
	Ordinal0 [0x00339DBE+499134]
	Ordinal0 [0x00333B98+474008]
	Ordinal0 [0x0033454B+476491]
	Ordinal0 [0x0033401A+475162]
	Ordinal0 [0x00334135+475445]
	Ordinal0 [0x00333BE5+474085]
	Ordinal0 [0x0033863D+493117]
	Ordinal0 [0x00333B98+474008]
	Ordinal0 [0x0033454B+476491]
	Ordinal0 [0x0033401A+475162]
	Ordinal0 [0x00334135+475445]
	Ordinal0 [0x00333BE5+474085]
	Ordinal0 [0x00337CF7+490743]
	Ordinal0 [0x00333B98+474008]
	Ordinal0 [0x0033454B+476491]
	Ordinal0 [0x0033401A+475162]
	Ordinal0 [0x00334135+475445]
	Ordinal0 [0x00333BE5+474085]
	Ordinal0 [0x003307DC+460764]
	Ordinal0 [0x00333B98+474008]
	Ordinal0 [0x00333A74+473716]
	Ordinal0 [0x0033D360+512864]
	Ordinal0 [0x002EB649+177737]
	Ordinal0 [0x002EA8ED+174317]
	Ordinal0 [0x002E8CDB+167131]
	Ordinal0 [0x002D144A+70730]
	Ordinal0 [0x002D24D0+74960]
	Ordinal0 [0x002D2469+74857]
	Ordinal0 [0x003D42F7+1131255]
	GetHandleVerifier [0x004D711D+523789]
	GetHandleVerifier [0x004D6EB0+523168]
	GetHandleVerifier [0x004DE207+552695]
	GetHandleVerifier [0x004D791A+525834]
	Ordinal0 [0x003CB82C+1095724]
	Ordinal0 [0x003D636B+1139563]
	Ordinal0 [0x003D64D3+1139923]
	Ordinal0 [0x003D5455+1135701]
	BaseThreadInitThunk [0x767D6359+25]
	RtlGetAppContainerNamedObjectPath [0x77077B74+228]
	RtlGetAppContainerNamedObjectPath [0x77077B44+180]
" type="org.openqa.selenium.SessionNotCreatedException">
      <![CDATA[org.openqa.selenium.SessionNotCreatedException: session not created
from disconnected: received Inspector.detached event
  (Session info: chrome=79.0.3945.88)
Build info: version: '3.141.59', revision: 'e82be7d358', time: '2018-11-14T08:25:48'
System info: host: 'DESKTOP-1FFP63U', ip: '10.0.0.155', os.name: 'Windows 10', os.arch: 'amd64', os.version: '10.0', java.version: '13.0.1'
Driver info: driver.version: ChromeDriver
remote stacktrace: Backtrace:
Ordinal0 [0x0043A923+1550627]
Ordinal0 [0x003BA731+1025841]
Ordinal0 [0x0033C715+509717]
Ordinal0 [0x00335259+479833]
Ordinal0 [0x00334E2A+478762]
Ordinal0 [0x003348A8+477352]
Ordinal0 [0x0033401A+475162]
Ordinal0 [0x00334135+475445]
Ordinal0 [0x00333BE5+474085]
Ordinal0 [0x0033B475+504949]
Ordinal0 [0x00333B98+474008]
Ordinal0 [0x0033454B+476491]
Ordinal0 [0x0033401A+475162]
Ordinal0 [0x00334135+475445]
Ordinal0 [0x00333BE5+474085]
Ordinal0 [0x00339DBE+499134]
Ordinal0 [0x00333B98+474008]
Ordinal0 [0x0033454B+476491]
Ordinal0 [0x0033401A+475162]
Ordinal0 [0x00334135+475445]
Ordinal0 [0x00333BE5+474085]
Ordinal0 [0x0033863D+493117]
Ordinal0 [0x00333B98+474008]
Ordinal0 [0x0033454B+476491]
Ordinal0 [0x0033401A+475162]
Ordinal0 [0x00334135+475445]
Ordinal0 [0x00333BE5+474085]
Ordinal0 [0x00337CF7+490743]
Ordinal0 [0x00333B98+474008]
Ordinal0 [0x0033454B+476491]
Ordinal0 [0x0033401A+475162]
Ordinal0 [0x00334135+475445]
Ordinal0 [0x00333BE5+474085]
Ordinal0 [0x003307DC+460764]
Ordinal0 [0x00333B98+474008]
Ordinal0 [0x00333A74+473716]
Ordinal0 [0x0033D360+512864]
Ordinal0 [0x002EB649+177737]
Ordinal0 [0x002EA8ED+174317]
Ordinal0 [0x002E8CDB+167131]
Ordinal0 [0x002D144A+70730]
Ordinal0 [0x002D24D0+74960]
Ordinal0 [0x002D2469+74857]
Ordinal0 [0x003D42F7+1131255]
GetHandleVerifier [0x004D711D+523789]
GetHandleVerifier [0x004D6EB0+523168]
GetHandleVerifier [0x004DE207+552695]
GetHandleVerifier [0x004D791A+525834]
Ordinal0 [0x003CB82C+1095724]
Ordinal0 [0x003D636B+1139563]
Ordinal0 [0x003D64D3+1139923]
Ordinal0 [0x003D5455+1135701]
BaseThreadInitThunk [0x767D6359+25]
RtlGetAppContainerNamedObjectPath [0x77077B74+228]
RtlGetAppContainerNamedObjectPath [0x77077B44+180]

at java.base/jdk.internal.reflect.NativeConstructorAccessorImpl.newInstance0(Native Method)
at java.base/jdk.internal.reflect.NativeConstructorAccessorImpl.newInstance(NativeConstructorAccessorImpl.java:62)
at java.base/jdk.internal.reflect.DelegatingConstructorAccessorImpl.newInstance(DelegatingConstructorAccessorImpl.java:45)
at java.base/java.lang.reflect.Constructor.newInstanceWithCaller(Constructor.java:500)
at java.base/java.lang.reflect.Constructor.newInstance(Constructor.java:481)
at org.openqa.selenium.remote.W3CHandshakeResponse.lambda$errorHandler$0(W3CHandshakeResponse.java:62)
at org.openqa.selenium.remote.HandshakeResponse.lambda$getResponseFunction$0(HandshakeResponse.java:30)
at org.openqa.selenium.remote.ProtocolHandshake.lambda$createSession$0(ProtocolHandshake.java:126)
at java.base/java.util.stream.ReferencePipeline$3$1.accept(ReferencePipeline.java:195)
at java.base/java.util.Spliterators$ArraySpliterator.tryAdvance(Spliterators.java:958)
at java.base/java.util.stream.ReferencePipeline.forEachWithCancel(ReferencePipeline.java:127)
at java.base/java.util.stream.AbstractPipeline.copyIntoWithCancel(AbstractPipeline.java:502)
at java.base/java.util.stream.AbstractPipeline.copyInto(AbstractPipeline.java:488)
at java.base/java.util.stream.AbstractPipeline.wrapAndCopyInto(AbstractPipeline.java:474)
at java.base/java.util.stream.FindOps$FindOp.evaluateSequential(FindOps.java:150)
at java.base/java.util.stream.AbstractPipeline.evaluate(AbstractPipeline.java:234)
at java.base/java.util.stream.ReferencePipeline.findFirst(ReferencePipeline.java:543)
at org.openqa.selenium.remote.ProtocolHandshake.createSession(ProtocolHandshake.java:128)
at org.openqa.selenium.remote.ProtocolHandshake.createSession(ProtocolHandshake.java:74)
at org.openqa.selenium.remote.HttpCommandExecutor.execute(HttpCommandExecutor.java:136)
at org.openqa.selenium.remote.service.DriverCommandExecutor.execute(DriverCommandExecutor.java:83)
at org.openqa.selenium.remote.RemoteWebDriver.execute(RemoteWebDriver.java:552)
at org.openqa.selenium.remote.RemoteWebDriver.startSession(RemoteWebDriver.java:213)
at org.openqa.selenium.remote.RemoteWebDriver.<init>(RemoteWebDriver.java:131)
at org.openqa.selenium.chrome.ChromeDriver.<init>(ChromeDriver.java:181)
at org.openqa.selenium.chrome.ChromeDriver.<init>(ChromeDriver.java:168)
at org.openqa.selenium.chrome.ChromeDriver.<init>(ChromeDriver.java:123)
at page.tests.TestAccChange.beforeClass(TestAccChange.java:31)
at java.base/jdk.internal.reflect.NativeMethodAccessorImpl.invoke0(Native Method)
at java.base/jdk.internal.reflect.NativeMethodAccessorImpl.invoke(NativeMethodAccessorImpl.java:62)
at java.base/jdk.internal.reflect.DelegatingMethodAccessorImpl.invoke(DelegatingMethodAccessorImpl.java:43)
at java.base/java.lang.reflect.Method.invoke(Method.java:567)
at org.testng.internal.MethodInvocationHelper.invokeMethod(MethodInvocationHelper.java:133)
at org.testng.internal.MethodInvocationHelper.invokeMethodConsideringTimeout(MethodInvocationHelper.java:62)
at org.testng.internal.ConfigInvoker.invokeConfigurationMethod(ConfigInvoker.java:340)
at org.testng.internal.ConfigInvoker.invokeConfigurations(ConfigInvoker.java:294)
at org.testng.internal.TestMethodWorker.invokeBeforeClassMethods(TestMethodWorker.java:176)
at org.testng.internal.TestMethodWorker.run(TestMethodWorker.java:122)
at java.base/java.util.ArrayList.forEach(ArrayList.java:1507)
at org.testng.TestRunner.privateRun(TestRunner.java:770)
at org.testng.TestRunner.run(TestRunner.java:591)
at org.testng.SuiteRunner.runTest(SuiteRunner.java:402)
at org.testng.SuiteRunner.runSequentially(SuiteRunner.java:396)
at org.testng.SuiteRunner.privateRun(SuiteRunner.java:355)
at org.testng.SuiteRunner.run(SuiteRunner.java:304)
at org.testng.SuiteRunnerWorker.runSuite(SuiteRunnerWorker.java:53)
at org.testng.SuiteRunnerWorker.run(SuiteRunnerWorker.java:96)
at org.testng.TestNG.runSuitesSequentially(TestNG.java:1180)
at org.testng.TestNG.runSuitesLocally(TestNG.java:1102)
at org.testng.TestNG.runSuites(TestNG.java:1032)
at org.testng.TestNG.run(TestNG.java:1000)
at org.testng.remote.AbstractRemoteTestNG.run(AbstractRemoteTestNG.java:115)
at org.testng.remote.RemoteTestNG.initAndRun(RemoteTestNG.java:251)
at org.testng.remote.RemoteTestNG.main(RemoteTestNG.java:77)
]]>
    </error>
  </testcase> <!-- beforeClass -->
  <testcase classname="page.tests.TestAccChange" name="checkDataChange" time="0.000">
    <skipped/>
  </testcase> <!-- checkDataChange -->
</testsuite> <!-- page.tests.TestAccChange -->
